<?xml version="1.0" encoding="UTF-8"?>
<!-- Generated by org.testng.reporters.JUnitXMLReporter -->
<testsuite ignored="0" hostname="DESKTOP-2K7DTOL" failures="0" tests="5" name="Test" time="3.239" errors="0" timestamp="27 Aug 2023 11:21:55 GMT">
  <testcase classname="org.testing.testscripts.TC_1post" name="testcase1" time="1.926"/>
  <testcase classname="org.testing.testscripts.TC2_GetRequest" name="testcase2" time="0.1"/>
  <testcase classname="org.testing.testscripts.TC_3GetParticularID" name="testcase3" time="1.067"/>
  <testcase classname="org.testing.testscripts.TC_4Putrequest" name="testcase4" time="0.068"/>
  <testcase classname="org.testing.testscripts.TC_5Deleterequest" name="testcase5" time="0.035"/>
</testsuite> <!-- Test -->
